<?xml version="1.0" encoding="UTF-8"?>
<!-- Generated by org.testng.reporters.JUnitReportReporter -->
<testsuite hostname="LAPTOP-85QQTHH1" failures="0" tests="3" name="TestNg_Practice.PriorityWithDependsOnMethod" time="0.012" errors="0" timestamp="2025-06-27T08:24:48 IST" skipped="0">
  <testcase classname="TestNg_Practice.PriorityWithDependsOnMethod" name="DeleteProduct" time="0.001"/>
  <testcase classname="TestNg_Practice.PriorityWithDependsOnMethod" name="ModifyProduct" time="0.002"/>
  <testcase classname="TestNg_Practice.PriorityWithDependsOnMethod" name="CreateProduct" time="0.009"/>
</testsuite> <!-- TestNg_Practice.PriorityWithDependsOnMethod -->
