<?xml version="1.0" encoding="UTF-8"?>
<!-- Generated by org.testng.reporters.JUnitReportReporter -->
<testsuite hostname="LAPTOP-85QQTHH1" failures="0" tests="1" name="TestNg_Practice.HardAssertEx" time="0.012" errors="0" timestamp="2025-07-04T08:03:45 IST" skipped="0">
  <testcase classname="TestNg_Practice.HardAssertEx" name="m12" time="0.012"/>
</testsuite> <!-- TestNg_Practice.HardAssertEx -->
