<?xml version="1.0" encoding="UTF-8"?>
<!-- Generated by org.testng.reporters.JUnitReportReporter -->
<testsuite hostname="LAPTOP-85QQTHH1" failures="0" tests="3" name="TestNg_Practice.DataProviderExample" time="0.016" errors="0" timestamp="2025-06-28T07:41:28 IST" skipped="0">
  <testcase classname="TestNg_Practice.DataProviderExample" name="getDataFromDataProvider" time="0.001"/>
  <testcase classname="TestNg_Practice.DataProviderExample" name="getDataFromDataProvider" time="0.011"/>
  <testcase classname="TestNg_Practice.DataProviderExample" name="getDataFromDataProvider" time="0.004"/>
</testsuite> <!-- TestNg_Practice.DataProviderExample -->
