<?xml version="1.0" encoding="UTF-8"?>
<!-- Generated by org.testng.reporters.JUnitReportReporter -->
<testsuite hostname="LAPTOP-85QQTHH1" failures="0" tests="3" name="TestNg_Practice.IgnoreAndEnable" time="0.013" errors="0" timestamp="2025-06-27T08:09:12 IST" skipped="1">
  <testcase classname="TestNg_Practice.IgnoreAndEnable" name="ModifyProduct" time="0.002"/>
  <testcase classname="TestNg_Practice.IgnoreAndEnable" name="DeleteProduct" time="0.011"/>
  <testcase classname="TestNg_Practice.IgnoreAndEnable" name="CreateProduct">
    <skipped/>
  </testcase> <!-- CreateProduct -->
</testsuite> <!-- TestNg_Practice.IgnoreAndEnable -->
