<?xml version="1.0" encoding="UTF-8"?>
<!-- Generated by org.testng.reporters.JUnitReportReporter -->
<testsuite hostname="LAPTOP-85QQTHH1" failures="0" tests="3" name="TestNg_Practice.SampleTest" time="0.013" errors="0" timestamp="2025-06-27T08:00:25 IST" skipped="0">
  <testcase classname="TestNg_Practice.SampleTest" name="CreateProduct" time="0.010"/>
  <testcase classname="TestNg_Practice.SampleTest" name="DeleteProduct" time="0.002"/>
  <testcase classname="TestNg_Practice.SampleTest" name="ModifyProduct" time="0.001"/>
</testsuite> <!-- TestNg_Practice.SampleTest -->
