<?xml version="1.0" encoding="UTF-8"?>
<!-- Generated by org.testng.reporters.JUnitReportReporter -->
<testsuite hostname="LAPTOP-85QQTHH1" failures="0" tests="3" name="TestNg_Practice.DependsOnMethodExample" time="0.016" errors="0" timestamp="2025-06-27T08:21:32 IST" skipped="0">
  <testcase classname="TestNg_Practice.DependsOnMethodExample" name="DeleteProduct" time="0.003"/>
  <testcase classname="TestNg_Practice.DependsOnMethodExample" name="CreateProduct" time="0.011"/>
  <testcase classname="TestNg_Practice.DependsOnMethodExample" name="ModifyProduct" time="0.002"/>
</testsuite> <!-- TestNg_Practice.DependsOnMethodExample -->
